Arguments: 
  /usr/local/Cellar/node/11.9.0/bin/node /usr/local/Cellar/yarn/1.13.0/libexec/bin/yarn.js add bootstrap

PATH: 
  /usr/local/bin:/usr/bin:/bin:/usr/sbin:/sbin

Yarn version: 
  1.13.0

Node version: 
  12.13.0

Platform: 
  darwin x64

Trace: 
  SyntaxError: /Users/salah/Projects/test-next-js/package.json: Unexpected token } in JSON at position 405
      at JSON.parse (<anonymous>)
      at /usr/local/Cellar/yarn/1.13.0/libexec/lib/cli.js:1625:59
      at Generator.next (<anonymous>)
      at step (/usr/local/Cellar/yarn/1.13.0/libexec/lib/cli.js:304:30)
      at /usr/local/Cellar/yarn/1.13.0/libexec/lib/cli.js:315:13

npm manifest: 
  {
    "name": "test-next-js",
    "version": "1.0.0",
    "description": "",
    "main": "index.js",
    "scripts": {
      "dev": "next",
      "build": "next build",
      "start": "next start"
    },
    "keywords": [],
    "author": "",
    "license": "ISC",
    "dependencies": {
      "isomorphic-unfetch": "^3.0.0",
      "next": "^9.1.4",
      "react": "^16.12.0",
      "react-dom": "^16.12.0",
      "react-markdown": "^4.2.2",
    }
  }

yarn manifest: 
  No manifest

Lockfile: 
  No lockfile
